\BOOKMARK [1][-]{section.1}{Introduction}{}
\BOOKMARK [1][-]{section.2}{Les descripteurs textuels : \351tat de l'art}{}
\BOOKMARK [2][-]{subsection.2.1}{Introduction g\351n\351rale, d\351finitions et notations }{section.2}
\BOOKMARK [3][-]{subsubsection.2.1.1}{Mot, item lexical, terme}{subsection.2.1}
\BOOKMARK [3][-]{subsubsection.2.1.2}{Niveaux de traitement linguistique}{subsection.2.1}
\BOOKMARK [3][-]{subsubsection.2.1.3}{Niveau morphologique}{subsection.2.1}
\BOOKMARK [4][-]{section*.2}{Niveau morphologique en linguistique}{subsubsection.2.1.3}
\BOOKMARK [4][-]{section*.3}{Niveau morphologique en TALN}{subsubsection.2.1.3}
\BOOKMARK [3][-]{subsubsection.2.1.4}{Niveau syntaxique}{subsection.2.1}
\BOOKMARK [4][-]{section*.4}{Niveau syntaxique en linguistique}{subsubsection.2.1.4}
\BOOKMARK [4][-]{section*.5}{Niveau syntaxique en TALN}{subsubsection.2.1.4}
\BOOKMARK [2][-]{subsection.2.2}{Qu'est-ce que le sens ? Comment le repr\351senter ?}{section.2}
\BOOKMARK [2][-]{subsection.2.3}{Repr\351sentations d'origine distributionnaliste}{section.2}
\BOOKMARK [3][-]{subsubsection.2.3.1}{Approche distributionnelle}{subsection.2.3}
\BOOKMARK [3][-]{subsubsection.2.3.2}{Repr\351sentations saltoniennes}{subsection.2.3}
\BOOKMARK [4][-]{section*.6}{Indexation des documents \040: fabrication des vecteurs}{subsubsection.2.3.2}
\BOOKMARK [4][-]{section*.7}{Exploitation des vecteurs}{subsubsection.2.3.2}
\BOOKMARK [4][-]{section*.8}{Probl\350mes pos\351s par la m\351thode}{subsubsection.2.3.2}
\BOOKMARK [3][-]{subsubsection.2.3.3}{Une approche psycholinguistique : LSA}{subsection.2.3}
\BOOKMARK [2][-]{subsection.2.4}{Repr\351sentations symboliques connexionnistes}{section.2}
\BOOKMARK [3][-]{subsubsection.2.4.1}{R\351seaux s\351mantiques}{subsection.2.4}
\BOOKMARK [3][-]{subsubsection.2.4.2}{Les r\351seaux d'aujourd'hui : WordNet}{subsection.2.4}
\BOOKMARK [2][-]{subsection.2.5}{Approche componentielle \(ou s\351mique\)}{section.2}
\BOOKMARK [3][-]{subsubsection.2.5.1}{Le sens vu comme la composition de primitives}{subsection.2.5}
\BOOKMARK [4][-]{section*.9}{Limites de l'approche componentielle}{subsubsection.2.5.1}
\BOOKMARK [5][-]{section*.10}{Chez les linguistes}{section*.9}
\BOOKMARK [5][-]{section*.11}{Chez les informaticiens}{section*.9}
\BOOKMARK [5][-]{section*.12}{Le probl\350me de l'ant\351riorit\351 et de l'ind\351pendance au langage}{section*.9}
\BOOKMARK [3][-]{subsubsection.2.5.2}{Les proto-vecteurs d'id\351es : une premi\350re exp\351rience utilisant des listes pr\351\351tablies.}{subsection.2.5}
\BOOKMARK [2][-]{subsection.2.6}{Les vecteurs d'id\351es ; une variante : les vecteurs conceptuels}{section.2}
\BOOKMARK [3][-]{subsubsection.2.6.1}{Mod\350le des vecteurs d'id\351es}{subsection.2.6}
\BOOKMARK [4][-]{section*.13}{Vecteurs g\351n\351ratifs et espace des vecteurs d'id\351es}{subsubsection.2.6.1}
\BOOKMARK [4][-]{section*.14}{Vecteurs d'id\351es, premi\350re approximation}{subsubsection.2.6.1}
\BOOKMARK [4][-]{section*.15}{Espace des vecteurs d'id\351es et interpr\351tation linguistique}{subsubsection.2.6.1}
\BOOKMARK [4][-]{section*.16}{Vecteurs norm\351s}{subsubsection.2.6.1}
\BOOKMARK [3][-]{subsubsection.2.6.2}{Distance et voisinage th\351matique}{subsection.2.6}
\BOOKMARK [4][-]{section*.17}{Distance th\351matique}{subsubsection.2.6.2}
\BOOKMARK [5][-]{section*.18}{Similarit\351 et distance angulaire}{section*.17}
\BOOKMARK [5][-]{section*.19}{Pourquoi choisir l'angle entre les deux vecteurs?}{section*.17}
\BOOKMARK [5][-]{section*.20}{Exemples}{section*.17}
\BOOKMARK [5][-]{section*.21}{Interpr\351tations}{section*.17}
\BOOKMARK [4][-]{section*.22}{Voisinage th\351matique}{subsubsection.2.6.2}
\BOOKMARK [3][-]{subsubsection.2.6.3}{Op\351rations classiques}{subsection.2.6}
\BOOKMARK [4][-]{section*.23}{Somme vectorielle}{subsubsection.2.6.3}
\BOOKMARK [5][-]{section*.24}{D\351finition}{section*.23}
\BOOKMARK [5][-]{section*.25}{Interpr\351tation}{section*.23}
\BOOKMARK [4][-]{section*.26}{Produit terme \340 terme}{subsubsection.2.6.3}
\BOOKMARK [5][-]{section*.27}{D\351finition}{section*.26}
\BOOKMARK [5][-]{section*.28}{Interpr\351tation}{section*.26}
\BOOKMARK [4][-]{section*.29}{Contextualisation faible}{subsubsection.2.6.3}
\BOOKMARK [3][-]{subsubsection.2.6.4}{Analyse s\351mantique de textes : l'algorithme de remont\351e-redescente}{subsection.2.6}
\BOOKMARK [4][-]{section*.30}{Principe}{subsubsection.2.6.4}
\BOOKMARK [4][-]{section*.31}{Pr\351formatage de textes}{subsubsection.2.6.4}
\BOOKMARK [5][-]{section*.32}{Pr\351formatage pour am\351liorer l'analyse morpho-syntaxique}{section*.31}
\BOOKMARK [5][-]{section*.33}{Pr\351formatage pour am\351liorer l'analyse s\351mantique}{section*.31}
\BOOKMARK [1][-]{section.3}{Descripteurs textuels dans VideoSense : les vecteurs conceptuels}{}
\BOOKMARK [2][-]{subsection.3.1}{Les th\351saurus}{section.3}
\BOOKMARK [3][-]{subsubsection.3.1.1}{G\351n\351ralit\351s}{subsection.3.1}
\BOOKMARK [3][-]{subsubsection.3.1.2}{Le th\351saurus Larousse}{subsection.3.1}
\BOOKMARK [4][-]{section*.34}{La partie Organisation des id\351es \040: la hi\351rarchie Larousse}{subsubsection.3.1.2}
\BOOKMARK [4][-]{section*.35}{La partie Th\351saurus \040: des id\351es aux mots}{subsubsection.3.1.2}
\BOOKMARK [4][-]{section*.36}{La partie Index \040: des mots aux id\351es}{subsubsection.3.1.2}
\BOOKMARK [2][-]{subsection.3.2}{Vecteurs g\351n\351ratifs : origine et interd\351pendance des concepts}{section.3}
\BOOKMARK [3][-]{subsubsection.3.2.1}{Interd\351pendance hi\351rarchique : vecteurs g\351n\351ratifs hi\351rarchiquement augment\351s}{subsection.3.2}
\BOOKMARK [3][-]{subsubsection.3.2.2}{Interd\351pendance transversales : vecteurs g\351n\351ratifs transversalement augment\351s}{subsection.3.2}
\BOOKMARK [2][-]{subsection.3.3}{Pourquoi nos vecteurs sont-ils dits "conceptuels"?}{section.3}
\BOOKMARK [2][-]{subsection.3.4}{Architecture et construction de la base}{section.3}
\BOOKMARK [3][-]{subsubsection.3.4.1}{Structure des objets lexicaux}{subsection.3.4}
\BOOKMARK [3][-]{subsubsection.3.4.2}{Objets lexicaux}{subsection.3.4}
\BOOKMARK [4][-]{section*.37}{Lexies}{subsubsection.3.4.2}
\BOOKMARK [4][-]{section*.38}{Items Lexicaux}{subsubsection.3.4.2}
\BOOKMARK [2][-]{subsection.3.5}{Apprentissage des objets lexicaux}{section.3}
\BOOKMARK [3][-]{subsubsection.3.5.1}{Lexies : apprentissage \340 partir de d\351finitions issues de dictionnaires classiques}{subsection.3.5}
\BOOKMARK [4][-]{section*.39}{Pr\351traitement des donn\351es}{subsubsection.3.5.1}
\BOOKMARK [5][-]{section*.40}{Unification du format}{section*.39}
\BOOKMARK [5][-]{section*.41}{Formatage du texte des d\351finitions}{section*.39}
\BOOKMARK [4][-]{section*.42}{Extraction des informations lexicales}{subsubsection.3.5.1}
\BOOKMARK [4][-]{section*.43}{Calcul des vecteurs conceptuels}{subsubsection.3.5.1}
\BOOKMARK [3][-]{subsubsection.3.5.2}{Noyau}{subsection.3.5}
\BOOKMARK [2][-]{subsection.3.6}{Contextualisation forte}{section.3}
\BOOKMARK [3][-]{subsubsection.3.6.1}{D\351finition}{subsection.3.6}
\BOOKMARK [3][-]{subsubsection.3.6.2}{Poids angulaire}{subsection.3.6}
\BOOKMARK [3][-]{subsubsection.3.6.3}{Poids de la fr\351quence}{subsection.3.6}
\BOOKMARK [3][-]{subsubsection.3.6.4}{Poids et distance morphologique}{subsection.3.6}
\BOOKMARK [2][-]{subsection.3.7}{Analyse s\351mantique des textes en remont\351e-redescente gr\342ce aux vecteurs conceptuels}{section.3}
\BOOKMARK [3][-]{subsubsection.3.7.1}{Algorithmes}{subsection.3.7}
\BOOKMARK [3][-]{subsubsection.3.7.2}{Principe}{subsection.3.7}
\BOOKMARK [3][-]{subsubsection.3.7.3}{Exemple}{subsection.3.7}
\BOOKMARK [2][-]{subsection.3.8}{Construction des vecteurs par \351mergence}{section.3}
\BOOKMARK [1][-]{section.4}{Exp\351riences mises en \234uvre dans VideoSense}{}
